<?xml version="1.0" encoding="UTF-8"?>
<coverage generated="1526967743459" clover="3.2.0">
  <project timestamp="1526967743459" name="All files">
    <metrics statements="43" coveredstatements="28" conditionals="12" coveredconditionals="6" methods="19" coveredmethods="10" elements="74" coveredelements="44" complexity="0" loc="43" ncloc="43" packages="3" files="7" classes="7">
      <package name="common">
        <metrics statements="5" coveredstatements="0" conditionals="2" coveredconditionals="0" methods="1" coveredmethods="0"/>
        <file name="Loading.jsx" path="/home/brendan/Documents/GitHub/breed-obsession-react/lib/components/common/Loading.jsx">
          <metrics statements="5" coveredstatements="0" conditionals="2" coveredconditionals="0" methods="1" coveredmethods="0"/>
          <line num="7" count="0" type="stmt"/>
          <line num="9" count="0" type="cond" truecount="0" falsecount="2"/>
          <line num="10" count="0" type="stmt"/>
          <line num="12" count="0" type="stmt"/>
          <line num="15" count="0" type="stmt"/>
        </file>
      </package>
      <package name="home">
        <metrics statements="7" coveredstatements="7" conditionals="2" coveredconditionals="1" methods="3" coveredmethods="3"/>
        <file name="HomeComponent.jsx" path="/home/brendan/Documents/GitHub/breed-obsession-react/lib/components/home/HomeComponent.jsx">
          <metrics statements="4" coveredstatements="4" conditionals="0" coveredconditionals="0" methods="1" coveredmethods="1"/>
          <line num="6" count="1" type="stmt"/>
          <line num="20" count="1" type="stmt"/>
          <line num="22" count="1" type="stmt"/>
          <line num="33" count="1" type="stmt"/>
        </file>
        <file name="SelectComponent.jsx" path="/home/brendan/Documents/GitHub/breed-obsession-react/lib/components/home/SelectComponent.jsx">
          <metrics statements="3" coveredstatements="3" conditionals="2" coveredconditionals="1" methods="2" coveredmethods="2"/>
          <line num="3" count="2" type="stmt"/>
          <line num="6" count="8" type="stmt"/>
          <line num="17" count="75" type="stmt"/>
        </file>
      </package>
      <package name="postings">
        <metrics statements="31" coveredstatements="21" conditionals="8" coveredconditionals="5" methods="15" coveredmethods="7"/>
        <file name="CarouselComponent.jsx" path="/home/brendan/Documents/GitHub/breed-obsession-react/lib/components/postings/CarouselComponent.jsx">
          <metrics statements="5" coveredstatements="4" conditionals="2" coveredconditionals="1" methods="2" coveredmethods="1"/>
          <line num="3" count="3" type="stmt"/>
          <line num="5" count="1" type="cond" truecount="1" falsecount="1"/>
          <line num="6" count="1" type="stmt"/>
          <line num="7" count="0" type="stmt"/>
          <line num="12" count="1" type="stmt"/>
        </file>
        <file name="ModalComponent.jsx" path="/home/brendan/Documents/GitHub/breed-obsession-react/lib/components/postings/ModalComponent.jsx">
          <metrics statements="3" coveredstatements="2" conditionals="0" coveredconditionals="0" methods="2" coveredmethods="1"/>
          <line num="4" count="2" type="stmt"/>
          <line num="6" count="1" type="stmt"/>
          <line num="32" count="0" type="stmt"/>
        </file>
        <file name="PostComponent.jsx" path="/home/brendan/Documents/GitHub/breed-obsession-react/lib/components/postings/PostComponent.jsx">
          <metrics statements="4" coveredstatements="3" conditionals="0" coveredconditionals="0" methods="2" coveredmethods="1"/>
          <line num="3" count="2" type="stmt"/>
          <line num="5" count="1" type="stmt"/>
          <line num="21" count="1" type="stmt"/>
          <line num="37" count="0" type="stmt"/>
        </file>
        <file name="PostingsComponent.jsx" path="/home/brendan/Documents/GitHub/breed-obsession-react/lib/components/postings/PostingsComponent.jsx">
          <metrics statements="19" coveredstatements="12" conditionals="6" coveredconditionals="4" methods="9" coveredmethods="4"/>
          <line num="13" count="3" type="stmt"/>
          <line num="14" count="3" type="stmt"/>
          <line num="15" count="3" type="stmt"/>
          <line num="19" count="3" type="stmt"/>
          <line num="23" count="0" type="stmt"/>
          <line num="27" count="0" type="stmt"/>
          <line num="28" count="0" type="stmt"/>
          <line num="41" count="0" type="stmt"/>
          <line num="52" count="3" type="stmt"/>
          <line num="54" count="3" type="stmt"/>
          <line num="56" count="3" type="stmt"/>
          <line num="71" count="3" type="cond" truecount="1" falsecount="1"/>
          <line num="72" count="0" type="stmt"/>
          <line num="88" count="3" type="stmt"/>
          <line num="99" count="3" type="stmt"/>
          <line num="104" count="3" type="stmt"/>
          <line num="116" count="3" type="stmt"/>
          <line num="133" count="0" type="stmt"/>
          <line num="138" count="0" type="stmt"/>
        </file>
      </package>
    </metrics>
  </project>
</coverage>
