{"/home/brendan/Documents/GitHub/breed-obsession-react/lib/components/common/Loading.jsx": {"path":"/home/brendan/Documents/GitHub/breed-obsession-react/lib/components/common/Loading.jsx","statementMap":{"0":{"start":{"line":7,"column":24},"end":{"line":7,"column":34}},"1":{"start":{"line":9,"column":4},"end":{"line":13,"column":5}},"2":{"start":{"line":10,"column":6},"end":{"line":10,"column":125}},"3":{"start":{"line":12,"column":6},"end":{"line":12,"column":123}},"4":{"start":{"line":15,"column":4},"end":{"line":19,"column":6}}},"fnMap":{"0":{"name":"(anonymous_0)","decl":{"start":{"line":6,"column":2},"end":{"line":6,"column":3}},"loc":{"start":{"line":6,"column":11},"end":{"line":20,"column":3}},"line":6}},"branchMap":{"0":{"loc":{"start":{"line":9,"column":4},"end":{"line":13,"column":5}},"type":"if","locations":[{"start":{"line":9,"column":4},"end":{"line":13,"column":5}},{"start":{"line":9,"column":4},"end":{"line":13,"column":5}}],"line":9}},"s":{"0":0,"1":0,"2":0,"3":0,"4":0},"f":{"0":0},"b":{"0":[0,0]},"_coverageSchema":"332fd63041d2c1bcb487cc26dd0d5f7d97098a6c","hash":"62f9b4bb277f8bb8fe39e7f0acf7d8b3b01b47a3"}
,"/home/brendan/Documents/GitHub/breed-obsession-react/lib/components/home/HomeComponent.jsx": {"path":"/home/brendan/Documents/GitHub/breed-obsession-react/lib/components/home/HomeComponent.jsx","statementMap":{"0":{"start":{"line":6,"column":22},"end":{"line":62,"column":1}},"1":{"start":{"line":20,"column":18},"end":{"line":20,"column":87}},"2":{"start":{"line":22,"column":17},"end":{"line":31,"column":3}},"3":{"start":{"line":33,"column":2},"end":{"line":61,"column":4}}},"fnMap":{"0":{"name":"(anonymous_0)","decl":{"start":{"line":6,"column":22},"end":{"line":6,"column":23}},"loc":{"start":{"line":18,"column":6},"end":{"line":62,"column":1}},"line":18}},"branchMap":{},"s":{"0":1,"1":1,"2":1,"3":1},"f":{"0":1},"b":{},"_coverageSchema":"332fd63041d2c1bcb487cc26dd0d5f7d97098a6c","hash":"ffbd7c947d00ee94607c88fc44a742ccf304ffdb"}
,"/home/brendan/Documents/GitHub/breed-obsession-react/lib/components/home/SelectComponent.jsx": {"path":"/home/brendan/Documents/GitHub/breed-obsession-react/lib/components/home/SelectComponent.jsx","statementMap":{"0":{"start":{"line":3,"column":24},"end":{"line":25,"column":1}},"1":{"start":{"line":6,"column":2},"end":{"line":24,"column":4}},"2":{"start":{"line":17,"column":14},"end":{"line":17,"column":75}}},"fnMap":{"0":{"name":"(anonymous_0)","decl":{"start":{"line":3,"column":24},"end":{"line":3,"column":25}},"loc":{"start":{"line":3,"column":71},"end":{"line":25,"column":1}},"line":3},"1":{"name":"(anonymous_1)","decl":{"start":{"line":16,"column":23},"end":{"line":16,"column":24}},"loc":{"start":{"line":16,"column":33},"end":{"line":18,"column":13}},"line":16}},"branchMap":{"0":{"loc":{"start":{"line":13,"column":9},"end":{"line":19,"column":19}},"type":"cond-expr","locations":[{"start":{"line":14,"column":10},"end":{"line":14,"column":39}},{"start":{"line":15,"column":11},"end":{"line":19,"column":19}}],"line":13}},"s":{"0":2,"1":8,"2":75},"f":{"0":8,"1":75},"b":{"0":[0,8]},"_coverageSchema":"332fd63041d2c1bcb487cc26dd0d5f7d97098a6c","hash":"d622a424d34f385009236b56e483c9b1769fb85d"}
,"/home/brendan/Documents/GitHub/breed-obsession-react/lib/components/postings/CarouselComponent.jsx": {"path":"/home/brendan/Documents/GitHub/breed-obsession-react/lib/components/postings/CarouselComponent.jsx","statementMap":{"0":{"start":{"line":3,"column":26},"end":{"line":15,"column":1}},"1":{"start":{"line":5,"column":2},"end":{"line":11,"column":3}},"2":{"start":{"line":6,"column":4},"end":{"line":10,"column":7}},"3":{"start":{"line":7,"column":6},"end":{"line":9,"column":8}},"4":{"start":{"line":12,"column":2},"end":{"line":14,"column":4}}},"fnMap":{"0":{"name":"(anonymous_0)","decl":{"start":{"line":3,"column":26},"end":{"line":3,"column":27}},"loc":{"start":{"line":3,"column":40},"end":{"line":15,"column":1}},"line":3},"1":{"name":"(anonymous_1)","decl":{"start":{"line":6,"column":22},"end":{"line":6,"column":23}},"loc":{"start":{"line":6,"column":31},"end":{"line":10,"column":5}},"line":6}},"branchMap":{"0":{"loc":{"start":{"line":5,"column":2},"end":{"line":11,"column":3}},"type":"if","locations":[{"start":{"line":5,"column":2},"end":{"line":11,"column":3}},{"start":{"line":5,"column":2},"end":{"line":11,"column":3}}],"line":5}},"s":{"0":3,"1":1,"2":1,"3":0,"4":1},"f":{"0":1,"1":0},"b":{"0":[1,0]},"_coverageSchema":"332fd63041d2c1bcb487cc26dd0d5f7d97098a6c","hash":"0d0ba3a5983a69a6656dab728563fab88e3e3e2e"}
,"/home/brendan/Documents/GitHub/breed-obsession-react/lib/components/postings/ModalComponent.jsx": {"path":"/home/brendan/Documents/GitHub/breed-obsession-react/lib/components/postings/ModalComponent.jsx","statementMap":{"0":{"start":{"line":4,"column":23},"end":{"line":36,"column":1}},"1":{"start":{"line":6,"column":2},"end":{"line":35,"column":4}},"2":{"start":{"line":32,"column":84},"end":{"line":32,"column":96}}},"fnMap":{"0":{"name":"(anonymous_0)","decl":{"start":{"line":4,"column":23},"end":{"line":4,"column":24}},"loc":{"start":{"line":4,"column":56},"end":{"line":36,"column":1}},"line":4},"1":{"name":"(anonymous_1)","decl":{"start":{"line":32,"column":78},"end":{"line":32,"column":79}},"loc":{"start":{"line":32,"column":84},"end":{"line":32,"column":96}},"line":32}},"branchMap":{},"s":{"0":2,"1":1,"2":0},"f":{"0":1,"1":0},"b":{},"_coverageSchema":"332fd63041d2c1bcb487cc26dd0d5f7d97098a6c","hash":"30809643d67fcbf1b305ed57cd1785875ac72fe8"}
,"/home/brendan/Documents/GitHub/breed-obsession-react/lib/components/postings/PostComponent.jsx": {"path":"/home/brendan/Documents/GitHub/breed-obsession-react/lib/components/postings/PostComponent.jsx","statementMap":{"0":{"start":{"line":3,"column":22},"end":{"line":43,"column":1}},"1":{"start":{"line":5,"column":21},"end":{"line":19,"column":3}},"2":{"start":{"line":21,"column":2},"end":{"line":41,"column":4}},"3":{"start":{"line":37,"column":90},"end":{"line":37,"column":112}}},"fnMap":{"0":{"name":"(anonymous_0)","decl":{"start":{"line":3,"column":22},"end":{"line":3,"column":23}},"loc":{"start":{"line":3,"column":49},"end":{"line":43,"column":1}},"line":3},"1":{"name":"(anonymous_1)","decl":{"start":{"line":37,"column":84},"end":{"line":37,"column":85}},"loc":{"start":{"line":37,"column":90},"end":{"line":37,"column":112}},"line":37}},"branchMap":{},"s":{"0":2,"1":1,"2":1,"3":0},"f":{"0":1,"1":0},"b":{},"_coverageSchema":"332fd63041d2c1bcb487cc26dd0d5f7d97098a6c","hash":"8042de397556667de812c2171c25199ec1362e63"}
,"/home/brendan/Documents/GitHub/breed-obsession-react/lib/components/postings/PostingsComponent.jsx": {"path":"/home/brendan/Documents/GitHub/breed-obsession-react/lib/components/postings/PostingsComponent.jsx","statementMap":{"0":{"start":{"line":13,"column":4},"end":{"line":13,"column":17}},"1":{"start":{"line":14,"column":4},"end":{"line":14,"column":73}},"2":{"start":{"line":15,"column":4},"end":{"line":15,"column":57}},"3":{"start":{"line":19,"column":4},"end":{"line":19,"column":32}},"4":{"start":{"line":23,"column":4},"end":{"line":23,"column":62}},"5":{"start":{"line":27,"column":4},"end":{"line":27,"column":59}},"6":{"start":{"line":28,"column":4},"end":{"line":37,"column":7}},"7":{"start":{"line":41,"column":4},"end":{"line":43,"column":7}},"8":{"start":{"line":52,"column":8},"end":{"line":52,"column":18}},"9":{"start":{"line":54,"column":30},"end":{"line":54,"column":40}},"10":{"start":{"line":56,"column":22},"end":{"line":69,"column":5}},"11":{"start":{"line":71,"column":4},"end":{"line":86,"column":5}},"12":{"start":{"line":72,"column":6},"end":{"line":85,"column":8}},"13":{"start":{"line":88,"column":30},"end":{"line":97,"column":5}},"14":{"start":{"line":99,"column":27},"end":{"line":102,"column":5}},"15":{"start":{"line":104,"column":4},"end":{"line":150,"column":6}},"16":{"start":{"line":116,"column":14},"end":{"line":116,"column":94}},"17":{"start":{"line":133,"column":61},"end":{"line":133,"column":83}},"18":{"start":{"line":138,"column":59},"end":{"line":138,"column":87}}},"fnMap":{"0":{"name":"(anonymous_0)","decl":{"start":{"line":12,"column":2},"end":{"line":12,"column":3}},"loc":{"start":{"line":12,"column":21},"end":{"line":16,"column":3}},"line":12},"1":{"name":"(anonymous_1)","decl":{"start":{"line":18,"column":2},"end":{"line":18,"column":3}},"loc":{"start":{"line":18,"column":23},"end":{"line":20,"column":3}},"line":18},"2":{"name":"(anonymous_2)","decl":{"start":{"line":22,"column":2},"end":{"line":22,"column":3}},"loc":{"start":{"line":22,"column":24},"end":{"line":24,"column":3}},"line":22},"3":{"name":"(anonymous_3)","decl":{"start":{"line":26,"column":2},"end":{"line":26,"column":3}},"loc":{"start":{"line":26,"column":22},"end":{"line":38,"column":3}},"line":26},"4":{"name":"(anonymous_4)","decl":{"start":{"line":40,"column":2},"end":{"line":40,"column":3}},"loc":{"start":{"line":40,"column":18},"end":{"line":44,"column":3}},"line":40},"5":{"name":"(anonymous_5)","decl":{"start":{"line":46,"column":2},"end":{"line":46,"column":3}},"loc":{"start":{"line":46,"column":11},"end":{"line":151,"column":3}},"line":46},"6":{"name":"(anonymous_6)","decl":{"start":{"line":115,"column":26},"end":{"line":115,"column":27}},"loc":{"start":{"line":115,"column":36},"end":{"line":117,"column":13}},"line":115},"7":{"name":"(anonymous_7)","decl":{"start":{"line":133,"column":55},"end":{"line":133,"column":56}},"loc":{"start":{"line":133,"column":61},"end":{"line":133,"column":83}},"line":133},"8":{"name":"(anonymous_8)","decl":{"start":{"line":138,"column":53},"end":{"line":138,"column":54}},"loc":{"start":{"line":138,"column":59},"end":{"line":138,"column":87}},"line":138}},"branchMap":{"0":{"loc":{"start":{"line":71,"column":4},"end":{"line":86,"column":5}},"type":"if","locations":[{"start":{"line":71,"column":4},"end":{"line":86,"column":5}},{"start":{"line":71,"column":4},"end":{"line":86,"column":5}}],"line":71},"1":{"loc":{"start":{"line":106,"column":9},"end":{"line":147,"column":16}},"type":"cond-expr","locations":[{"start":{"line":107,"column":10},"end":{"line":107,"column":38}},{"start":{"line":109,"column":11},"end":{"line":147,"column":16}}],"line":106},"2":{"loc":{"start":{"line":131,"column":15},"end":{"line":135,"column":21}},"type":"cond-expr","locations":[{"start":{"line":132,"column":16},"end":{"line":134,"column":22}},{"start":{"line":135,"column":17},"end":{"line":135,"column":21}}],"line":131}},"s":{"0":3,"1":3,"2":3,"3":3,"4":0,"5":0,"6":0,"7":0,"8":3,"9":3,"10":3,"11":3,"12":0,"13":3,"14":3,"15":3,"16":3,"17":0,"18":0},"f":{"0":3,"1":3,"2":0,"3":0,"4":0,"5":3,"6":3,"7":0,"8":0},"b":{"0":[0,3],"1":[0,3],"2":[1,2]},"_coverageSchema":"332fd63041d2c1bcb487cc26dd0d5f7d97098a6c","hash":"7bd482b5bc02663f99c9ca44182ce48f5478101e"}
}
