TN:
SF:/home/brendan/Documents/GitHub/breed-obsession-react/lib/components/common/Loading.jsx
FN:6,(anonymous_0)
FNF:1
FNH:0
FNDA:0,(anonymous_0)
DA:7,0
DA:9,0
DA:10,0
DA:12,0
DA:15,0
LF:5
LH:0
BRDA:9,0,0,0
BRDA:9,0,1,0
BRF:2
BRH:0
end_of_record
TN:
SF:/home/brendan/Documents/GitHub/breed-obsession-react/lib/components/home/HomeComponent.jsx
FN:6,(anonymous_0)
FNF:1
FNH:1
FNDA:1,(anonymous_0)
DA:6,1
DA:20,1
DA:22,1
DA:33,1
LF:4
LH:4
BRF:0
BRH:0
end_of_record
TN:
SF:/home/brendan/Documents/GitHub/breed-obsession-react/lib/components/home/SelectComponent.jsx
FN:3,(anonymous_0)
FN:16,(anonymous_1)
FNF:2
FNH:2
FNDA:8,(anonymous_0)
FNDA:75,(anonymous_1)
DA:3,2
DA:6,8
DA:17,75
LF:3
LH:3
BRDA:13,0,0,0
BRDA:13,0,1,8
BRF:2
BRH:1
end_of_record
TN:
SF:/home/brendan/Documents/GitHub/breed-obsession-react/lib/components/postings/CarouselComponent.jsx
FN:3,(anonymous_0)
FN:6,(anonymous_1)
FNF:2
FNH:1
FNDA:1,(anonymous_0)
FNDA:0,(anonymous_1)
DA:3,3
DA:5,1
DA:6,1
DA:7,0
DA:12,1
LF:5
LH:4
BRDA:5,0,0,1
BRDA:5,0,1,0
BRF:2
BRH:1
end_of_record
TN:
SF:/home/brendan/Documents/GitHub/breed-obsession-react/lib/components/postings/ModalComponent.jsx
FN:4,(anonymous_0)
FN:32,(anonymous_1)
FNF:2
FNH:1
FNDA:1,(anonymous_0)
FNDA:0,(anonymous_1)
DA:4,2
DA:6,1
DA:32,0
LF:3
LH:2
BRF:0
BRH:0
end_of_record
TN:
SF:/home/brendan/Documents/GitHub/breed-obsession-react/lib/components/postings/PostComponent.jsx
FN:3,(anonymous_0)
FN:37,(anonymous_1)
FNF:2
FNH:1
FNDA:1,(anonymous_0)
FNDA:0,(anonymous_1)
DA:3,2
DA:5,1
DA:21,1
DA:37,0
LF:4
LH:3
BRF:0
BRH:0
end_of_record
TN:
SF:/home/brendan/Documents/GitHub/breed-obsession-react/lib/components/postings/PostingsComponent.jsx
FN:12,(anonymous_0)
FN:18,(anonymous_1)
FN:22,(anonymous_2)
FN:26,(anonymous_3)
FN:40,(anonymous_4)
FN:46,(anonymous_5)
FN:115,(anonymous_6)
FN:133,(anonymous_7)
FN:138,(anonymous_8)
FNF:9
FNH:4
FNDA:3,(anonymous_0)
FNDA:3,(anonymous_1)
FNDA:0,(anonymous_2)
FNDA:0,(anonymous_3)
FNDA:0,(anonymous_4)
FNDA:3,(anonymous_5)
FNDA:3,(anonymous_6)
FNDA:0,(anonymous_7)
FNDA:0,(anonymous_8)
DA:13,3
DA:14,3
DA:15,3
DA:19,3
DA:23,0
DA:27,0
DA:28,0
DA:41,0
DA:52,3
DA:54,3
DA:56,3
DA:71,3
DA:72,0
DA:88,3
DA:99,3
DA:104,3
DA:116,3
DA:133,0
DA:138,0
LF:19
LH:12
BRDA:71,0,0,0
BRDA:71,0,1,3
BRDA:106,1,0,0
BRDA:106,1,1,3
BRDA:131,2,0,1
BRDA:131,2,1,2
BRF:6
BRH:4
end_of_record
